[debug] [2025-01-20T20:02:52.102Z] ----------------------------------------------------------------------
[debug] [2025-01-20T20:02:52.109Z] Command:       /opt/homebrew/Cellar/node/23.6.0/bin/node /opt/homebrew/bin/firebase init
[debug] [2025-01-20T20:02:52.109Z] CLI Version:   13.29.1
[debug] [2025-01-20T20:02:52.109Z] Platform:      darwin
[debug] [2025-01-20T20:02:52.109Z] Node Version:  v23.6.0
[debug] [2025-01-20T20:02:52.110Z] Time:          Tue Jan 21 2025 01:32:52 GMT+0530 (India Standard Time)
[debug] [2025-01-20T20:02:52.110Z] ----------------------------------------------------------------------
[debug] 
[debug] [2025-01-20T20:02:52.116Z] > command requires scopes: ["email","openid","https://www.googleapis.com/auth/cloudplatformprojects.readonly","https://www.googleapis.com/auth/firebase","https://www.googleapis.com/auth/cloud-platform"]
[debug] [2025-01-20T20:02:52.116Z] > authorizing via signed-in user (tajuddinshaik786r@gmail.com)
[info] 
     ######## #### ########  ######## ########     ###     ######  ########
     ##        ##  ##     ## ##       ##     ##  ##   ##  ##       ##
     ######    ##  ########  ######   ########  #########  ######  ######
     ##        ##  ##    ##  ##       ##     ## ##     ##       ## ##
     ##       #### ##     ## ######## ########  ##     ##  ######  ########

You're about to initialize a Firebase project in this directory:

  /Users/Taj786/dsa-cheat-sheet

[info] 
=== Project Setup
[info] 
[info] First, let's associate this project directory with a Firebase project.
[info] You can create multiple project aliases by running firebase use --add, 
[info] but for now we'll just set up a default project.
[info] 
[debug] [2025-01-20T20:04:19.064Z] Checked if tokens are valid: false, expires at: 1737399149040
[debug] [2025-01-20T20:04:19.066Z] Checked if tokens are valid: false, expires at: 1737399149040
[debug] [2025-01-20T20:04:19.066Z] > refreshing access token with scopes: []
[debug] [2025-01-20T20:04:19.072Z] >>> [apiv2][query] POST https://www.googleapis.com/oauth2/v3/token [none]
[debug] [2025-01-20T20:04:19.072Z] >>> [apiv2][body] POST https://www.googleapis.com/oauth2/v3/token [omitted]
[debug] [2025-01-20T20:04:19.394Z] <<< [apiv2][status] POST https://www.googleapis.com/oauth2/v3/token 200
[debug] [2025-01-20T20:04:19.395Z] <<< [apiv2][body] POST https://www.googleapis.com/oauth2/v3/token [omitted]
[debug] [2025-01-20T20:04:19.413Z] >>> [apiv2][query] GET https://firebase.googleapis.com/v1beta1/projects pageSize=100
[debug] [2025-01-20T20:04:20.473Z] <<< [apiv2][status] GET https://firebase.googleapis.com/v1beta1/projects 200
[debug] [2025-01-20T20:04:20.473Z] <<< [apiv2][body] GET https://firebase.googleapis.com/v1beta1/projects [omitted]
[info] i  Using project dsa-f76d8 (DSA - ) 
[info] 
=== Firestore Setup
[debug] [2025-01-20T20:04:25.636Z] Checked if tokens are valid: true, expires at: 1737407058395
[debug] [2025-01-20T20:04:25.636Z] Checked if tokens are valid: true, expires at: 1737407058395
[debug] [2025-01-20T20:04:25.636Z] >>> [apiv2][query] GET https://serviceusage.googleapis.com/v1/projects/dsa-f76d8/services/firestore.googleapis.com [none]
[debug] [2025-01-20T20:04:25.636Z] >>> [apiv2][(partial)header] GET https://serviceusage.googleapis.com/v1/projects/dsa-f76d8/services/firestore.googleapis.com x-goog-quota-user=projects/dsa-f76d8
[debug] [2025-01-20T20:04:27.730Z] <<< [apiv2][status] GET https://serviceusage.googleapis.com/v1/projects/dsa-f76d8/services/firestore.googleapis.com 200
[debug] [2025-01-20T20:04:27.730Z] <<< [apiv2][body] GET https://serviceusage.googleapis.com/v1/projects/dsa-f76d8/services/firestore.googleapis.com [omitted]
[debug] [2025-01-20T20:04:27.730Z] Checked if tokens are valid: true, expires at: 1737407058395
[debug] [2025-01-20T20:04:27.730Z] Checked if tokens are valid: true, expires at: 1737407058395
[debug] [2025-01-20T20:04:27.730Z] >>> [apiv2][query] GET https://firestore.googleapis.com/v1/projects/dsa-f76d8/databases/(default) [none]
[debug] [2025-01-20T20:04:27.974Z] <<< [apiv2][status] GET https://firestore.googleapis.com/v1/projects/dsa-f76d8/databases/(default) 200
[debug] [2025-01-20T20:04:27.974Z] <<< [apiv2][body] GET https://firestore.googleapis.com/v1/projects/dsa-f76d8/databases/(default) {"name":"projects/dsa-f76d8/databases/(default)","uid":"4dbfbcd2-f5db-43bf-ba66-643e557b8404","createTime":"2025-01-20T19:56:56.053076Z","updateTime":"2025-01-20T19:56:56.053076Z","locationId":"asia-south2","type":"FIRESTORE_NATIVE","concurrencyMode":"PESSIMISTIC","versionRetentionPeriod":"3600s","earliestVersionTime":"2025-01-20T19:56:56.053076Z","appEngineIntegrationMode":"DISABLED","pointInTimeRecoveryEnablement":"POINT_IN_TIME_RECOVERY_DISABLED","deleteProtectionState":"DELETE_PROTECTION_DISABLED","etag":"IIrvsKSMhYsDMNSC6syKhYsD"}
[debug] [2025-01-20T20:04:27.974Z] database_type: FIRESTORE_NATIVE
[debug] [2025-01-20T20:04:27.974Z] database_type: FIRESTORE_NATIVE
[debug] [2025-01-20T20:04:27.975Z] > command requires scopes: ["email","openid","https://www.googleapis.com/auth/cloudplatformprojects.readonly","https://www.googleapis.com/auth/firebase","https://www.googleapis.com/auth/cloud-platform"]
[debug] [2025-01-20T20:04:27.975Z] > authorizing via signed-in user (tajuddinshaik786r@gmail.com)
[debug] [2025-01-20T20:04:27.975Z] [iam] checking project dsa-f76d8 for permissions ["firebase.projects.get"]
[debug] [2025-01-20T20:04:27.977Z] Checked if tokens are valid: true, expires at: 1737407058395
[debug] [2025-01-20T20:04:27.977Z] Checked if tokens are valid: true, expires at: 1737407058395
[debug] [2025-01-20T20:04:27.978Z] >>> [apiv2][query] POST https://cloudresourcemanager.googleapis.com/v1/projects/dsa-f76d8:testIamPermissions [none]
[debug] [2025-01-20T20:04:27.978Z] >>> [apiv2][(partial)header] POST https://cloudresourcemanager.googleapis.com/v1/projects/dsa-f76d8:testIamPermissions x-goog-quota-user=projects/dsa-f76d8
[debug] [2025-01-20T20:04:27.978Z] >>> [apiv2][body] POST https://cloudresourcemanager.googleapis.com/v1/projects/dsa-f76d8:testIamPermissions {"permissions":["firebase.projects.get"]}
[debug] [2025-01-20T20:04:29.778Z] <<< [apiv2][status] POST https://cloudresourcemanager.googleapis.com/v1/projects/dsa-f76d8:testIamPermissions 200
[debug] [2025-01-20T20:04:29.778Z] <<< [apiv2][body] POST https://cloudresourcemanager.googleapis.com/v1/projects/dsa-f76d8:testIamPermissions {"permissions":["firebase.projects.get"]}
[info] 
[info] Firestore Security Rules allow you to define how and when to allow
[info] requests. You can keep these rules in your project directory
[info] and publish them with firebase deploy.
[info] 
[debug] [2025-01-20T20:04:39.107Z] Checked if tokens are valid: true, expires at: 1737407058395
[debug] [2025-01-20T20:04:39.107Z] Checked if tokens are valid: true, expires at: 1737407058395
[debug] [2025-01-20T20:04:39.108Z] >>> [apiv2][query] GET https://firebaserules.googleapis.com/v1/projects/dsa-f76d8/releases pageSize=10&pageToken=
[debug] [2025-01-20T20:04:40.879Z] <<< [apiv2][status] GET https://firebaserules.googleapis.com/v1/projects/dsa-f76d8/releases 200
[debug] [2025-01-20T20:04:40.879Z] <<< [apiv2][body] GET https://firebaserules.googleapis.com/v1/projects/dsa-f76d8/releases {"releases":[{"name":"projects/dsa-f76d8/releases/cloud.firestore","rulesetName":"projects/dsa-f76d8/rulesets/0f17fb2a-1729-4860-85de-21612a0036ed","createTime":"2025-01-20T19:57:04.895454Z","updateTime":"2025-01-20T19:57:04.895454Z"}]}
[debug] [2025-01-20T20:04:40.879Z] Found ruleset: projects/dsa-f76d8/rulesets/0f17fb2a-1729-4860-85de-21612a0036ed
[debug] [2025-01-20T20:04:40.879Z] Checked if tokens are valid: true, expires at: 1737407058395
[debug] [2025-01-20T20:04:40.879Z] Checked if tokens are valid: true, expires at: 1737407058395
[debug] [2025-01-20T20:04:40.879Z] >>> [apiv2][query] GET https://firebaserules.googleapis.com/v1/projects/dsa-f76d8/rulesets/0f17fb2a-1729-4860-85de-21612a0036ed [none]
[debug] [2025-01-20T20:04:41.199Z] <<< [apiv2][status] GET https://firebaserules.googleapis.com/v1/projects/dsa-f76d8/rulesets/0f17fb2a-1729-4860-85de-21612a0036ed 200
[debug] [2025-01-20T20:04:41.200Z] <<< [apiv2][body] GET https://firebaserules.googleapis.com/v1/projects/dsa-f76d8/rulesets/0f17fb2a-1729-4860-85de-21612a0036ed [omitted]
[info] 
[info] Firestore indexes allow you to perform complex queries while
[info] maintaining performance that scales with the size of the result
[info] set. You can keep index definitions in your project directory
[info] and publish them with firebase deploy.
[info] 
[debug] [2025-01-20T20:04:43.351Z] Checked if tokens are valid: true, expires at: 1737407058395
[debug] [2025-01-20T20:04:43.351Z] Checked if tokens are valid: true, expires at: 1737407058395
[debug] [2025-01-20T20:04:43.351Z] Checked if tokens are valid: true, expires at: 1737407058395
[debug] [2025-01-20T20:04:43.351Z] Checked if tokens are valid: true, expires at: 1737407058395
[debug] [2025-01-20T20:04:43.352Z] >>> [apiv2][query] GET https://firestore.googleapis.com/v1/projects/dsa-f76d8/databases/(default)/collectionGroups/-/indexes [none]
[debug] [2025-01-20T20:04:43.360Z] >>> [apiv2][query] GET https://firestore.googleapis.com/v1/projects/dsa-f76d8/databases/(default)/collectionGroups/-/fields?filter=indexConfig.usesAncestorConfig=false OR ttlConfig:* [none]
[debug] [2025-01-20T20:04:43.625Z] <<< [apiv2][status] GET https://firestore.googleapis.com/v1/projects/dsa-f76d8/databases/(default)/collectionGroups/-/indexes 200
[debug] [2025-01-20T20:04:43.625Z] <<< [apiv2][body] GET https://firestore.googleapis.com/v1/projects/dsa-f76d8/databases/(default)/collectionGroups/-/indexes {}
[debug] [2025-01-20T20:04:43.778Z] <<< [apiv2][status] GET https://firestore.googleapis.com/v1/projects/dsa-f76d8/databases/(default)/collectionGroups/-/fields?filter=indexConfig.usesAncestorConfig=false OR ttlConfig:* 200
[debug] [2025-01-20T20:04:43.778Z] <<< [apiv2][body] GET https://firestore.googleapis.com/v1/projects/dsa-f76d8/databases/(default)/collectionGroups/-/fields?filter=indexConfig.usesAncestorConfig=false OR ttlConfig:* {"fields":[{"name":"projects/dsa-f76d8/databases/(default)/collectionGroups/__default__/fields/*","indexConfig":{"indexes":[{"queryScope":"COLLECTION","fields":[{"fieldPath":"*","order":"ASCENDING"}],"state":"READY"},{"queryScope":"COLLECTION","fields":[{"fieldPath":"*","order":"DESCENDING"}],"state":"READY"},{"queryScope":"COLLECTION","fields":[{"fieldPath":"*","arrayConfig":"CONTAINS"}],"state":"READY"}]}}]}
[info] 
=== Hosting Setup
[debug] [2025-01-20T20:04:43.783Z] Checked if tokens are valid: true, expires at: 1737407058395
[debug] [2025-01-20T20:04:43.783Z] Checked if tokens are valid: true, expires at: 1737407058395
[debug] [2025-01-20T20:04:43.783Z] >>> [apiv2][query] GET https://firebase.googleapis.com/v1beta1/projects/dsa-f76d8 [none]
[debug] [2025-01-20T20:04:44.618Z] <<< [apiv2][status] GET https://firebase.googleapis.com/v1beta1/projects/dsa-f76d8 200
[debug] [2025-01-20T20:04:44.619Z] <<< [apiv2][body] GET https://firebase.googleapis.com/v1beta1/projects/dsa-f76d8 {"projectId":"dsa-f76d8","projectNumber":"372213793866","displayName":"DSA - ","name":"projects/dsa-f76d8","resources":{"hostingSite":"dsa-f76d8"},"state":"ACTIVE","etag":"1_da8e6eeb-ed26-45ff-986b-fbf1ad90dcc0"}
[info] 
[info] Your public directory is the folder (relative to your project directory) that
[info] will contain Hosting assets to be uploaded with firebase deploy. If you
[info] have a build process for your assets, use your build's output directory.
[info] 
[debug] [2025-01-20T20:05:07.229Z] >>> [apiv2][query] GET https://www.gstatic.com/firebasejs/releases.json [none]
[debug] [2025-01-20T20:05:07.386Z] <<< [apiv2][status] GET https://www.gstatic.com/firebasejs/releases.json 200
[debug] [2025-01-20T20:05:07.386Z] <<< [apiv2][body] GET https://www.gstatic.com/firebasejs/releases.json {"current":{"version":"11.2.0","browserURL":"https://www.gstatic.com/firebasejs/11.2.0/firebase.js","packageURL":"https://www.gstatic.com/firebasejs/11.2.0/firebase.tgz"},"live":{"version":"11.2","browserURL":"https://www.gstatic.com/firebasejs/live/11.2/firebase.js","packageURL":"https://www.gstatic.com/firebasejs/live/11.2/firebase.tgz"},"components":{"analytics":"https://www.gstatic.com/firebasejs/11.2.0/firebase-analytics.js","app":"https://www.gstatic.com/firebasejs/11.2.0/firebase-app.js","app-check":"https://www.gstatic.com/firebasejs/11.2.0/firebase-app-check.js","auth":"https://www.gstatic.com/firebasejs/11.2.0/firebase-auth.js","auth/cordova":"https://www.gstatic.com/firebasejs/11.2.0/firebase-auth/cordova.js","auth/web-extension":"https://www.gstatic.com/firebasejs/11.2.0/firebase-auth/web-extension.js","functions":"https://www.gstatic.com/firebasejs/11.2.0/firebase-functions.js","firestore":"https://www.gstatic.com/firebasejs/11.2.0/firebase-firestore.js","firestore/lite":"https://www.gstatic.com/firebasejs/11.2.0/firebase-firestore/lite.js","installations":"https://www.gstatic.com/firebasejs/11.2.0/firebase-installations.js","storage":"https://www.gstatic.com/firebasejs/11.2.0/firebase-storage.js","performance":"https://www.gstatic.com/firebasejs/11.2.0/firebase-performance.js","remote-config":"https://www.gstatic.com/firebasejs/11.2.0/firebase-remote-config.js","messaging":"https://www.gstatic.com/firebasejs/11.2.0/firebase-messaging.js","messaging/sw":"https://www.gstatic.com/firebasejs/11.2.0/firebase-messaging/sw.js","database":"https://www.gstatic.com/firebasejs/11.2.0/firebase-database.js","vertexai":"https://www.gstatic.com/firebasejs/11.2.0/firebase-vertexai.js","data-connect":"https://www.gstatic.com/firebasejs/11.2.0/firebase-data-connect.js","firestore.memory":"https://www.gstatic.com/firebasejs/11.2.0/firebase-firestore.memory.js"}}
[info] ✔  Wrote public/index.html 
[info] 
[info] i  Detected a .git folder at /Users/Taj786/dsa-cheat-sheet 
[info] i  Authorizing with GitHub to upload your service account to a GitHub repository's secrets store. 
[info] 
[info] Visit this URL on this device to log in:
[info] https://github.com/login/oauth/authorize?client_id=89cf50f02ac6aaed3484&state=845653158&redirect_uri=http%3A%2F%2Flocalhost%3A9005&scope=read%3Auser%20repo%20public_repo
[info] 
[info] Waiting for authentication...
[debug] [2025-01-20T20:05:24.751Z] >>> [apiv2][query] POST https://github.com/login/oauth/access_token [none]
[debug] [2025-01-20T20:05:24.752Z] >>> [apiv2][body] POST https://github.com/login/oauth/access_token [stream]
[debug] [2025-01-20T20:05:25.228Z] <<< [apiv2][status] POST https://github.com/login/oauth/access_token 200
[debug] [2025-01-20T20:05:25.228Z] <<< [apiv2][body] POST https://github.com/login/oauth/access_token {"access_token":"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","token_type":"bearer","scope":"read:user,repo"}
[debug] [2025-01-20T20:05:25.233Z] >>> [apiv2][query] GET https://api.github.com/user [none]
[debug] [2025-01-20T20:05:25.706Z] <<< [apiv2][status] GET https://api.github.com/user 200
[debug] [2025-01-20T20:05:25.706Z] <<< [apiv2][body] GET https://api.github.com/user {"login":"Taj-2005","id":185135344,"node_id":"U_kgDOCwjw8A","avatar_url":"https://avatars.githubusercontent.com/u/185135344?v=4","gravatar_id":"","url":"https://api.github.com/users/Taj-2005","html_url":"https://github.com/Taj-2005","followers_url":"https://api.github.com/users/Taj-2005/followers","following_url":"https://api.github.com/users/Taj-2005/following{/other_user}","gists_url":"https://api.github.com/users/Taj-2005/gists{/gist_id}","starred_url":"https://api.github.com/users/Taj-2005/starred{/owner}{/repo}","subscriptions_url":"https://api.github.com/users/Taj-2005/subscriptions","organizations_url":"https://api.github.com/users/Taj-2005/orgs","repos_url":"https://api.github.com/users/Taj-2005/repos","events_url":"https://api.github.com/users/Taj-2005/events{/privacy}","received_events_url":"https://api.github.com/users/Taj-2005/received_events","type":"User","user_view_type":"private","site_admin":false,"name":"Tajuddin Shaik","company":null,"blog":"","location":null,"email":null,"hireable":null,"bio":null,"twitter_username":null,"notification_email":null,"public_repos":14,"public_gists":0,"followers":0,"following":1,"created_at":"2024-10-15T21:42:49Z","updated_at":"2025-01-14T13:54:06Z","private_gists":0,"total_private_repos":2,"owned_private_repos":2,"disk_usage":56568,"collaborators":0,"two_factor_authentication":false,"plan":{"name":"free","space":976562499,"collaborators":0,"private_repos":10000}}
[info] 
[info] ✔  Success! Logged into GitHub as Taj-2005 
[info] 
[debug] [2025-01-20T20:05:36.170Z] >>> [apiv2][query] GET https://api.github.com/repos//actions/secrets/public-key type=owner
[debug] [2025-01-20T20:05:36.572Z] <<< [apiv2][status] GET https://api.github.com/repos//actions/secrets/public-key 404
[debug] [2025-01-20T20:05:36.572Z] <<< [apiv2][body] GET https://api.github.com/repos//actions/secrets/public-key {"message":"Not Found","documentation_url":"https://docs.github.com/rest","status":"404"}
[info] 
[info] 
[error] ⚠  The provided authorization cannot be used with this repository. If this repository is in an organization, did you remember to grant access? 
[info] 
[info] i  Action required: Visit this URL to ensure access has been granted to the appropriate organization(s) for the Firebase CLI GitHub OAuth App: 
[info] https://github.com/settings/connections/applications/89cf50f02ac6aaed3484
[info] 
[debug] [2025-01-20T20:13:31.522Z] >>> [apiv2][query] GET https://api.github.com/repos//actions/secrets/public-key type=owner
[debug] [2025-01-20T20:13:31.991Z] <<< [apiv2][status] GET https://api.github.com/repos//actions/secrets/public-key 404
[debug] [2025-01-20T20:13:31.991Z] <<< [apiv2][body] GET https://api.github.com/repos//actions/secrets/public-key {"message":"Not Found","documentation_url":"https://docs.github.com/rest","status":"404"}
[info] 
[info] 
[error] ⚠  The provided authorization cannot be used with this repository. If this repository is in an organization, did you remember to grant access? 
[info] 
[info] i  Action required: Visit this URL to ensure access has been granted to the appropriate organization(s) for the Firebase CLI GitHub OAuth App: 
[info] https://github.com/settings/connections/applications/89cf50f02ac6aaed3484
[info] 
[debug] [2025-01-20T20:13:35.271Z] >>> [apiv2][query] GET https://api.github.com/repos//actions/secrets/public-key type=owner
[debug] [2025-01-20T20:13:35.570Z] <<< [apiv2][status] GET https://api.github.com/repos//actions/secrets/public-key 404
[debug] [2025-01-20T20:13:35.570Z] <<< [apiv2][body] GET https://api.github.com/repos//actions/secrets/public-key {"message":"Not Found","documentation_url":"https://docs.github.com/rest","status":"404"}
[info] 
[info] 
[error] ⚠  The provided authorization cannot be used with this repository. If this repository is in an organization, did you remember to grant access? 
[info] 
[info] i  Action required: Visit this URL to ensure access has been granted to the appropriate organization(s) for the Firebase CLI GitHub OAuth App: 
[info] https://github.com/settings/connections/applications/89cf50f02ac6aaed3484
[info] 
[debug] [2025-01-20T20:13:36.420Z] >>> [apiv2][query] GET https://api.github.com/repos//actions/secrets/public-key type=owner
[debug] [2025-01-20T20:13:36.622Z] >>> [apiv2][query] GET https://api.github.com/repos//actions/secrets/public-key type=owner
[debug] [2025-01-20T20:13:36.698Z] <<< [apiv2][status] GET https://api.github.com/repos//actions/secrets/public-key 404
[debug] [2025-01-20T20:13:36.699Z] <<< [apiv2][body] GET https://api.github.com/repos//actions/secrets/public-key {"message":"Not Found","documentation_url":"https://docs.github.com/rest","status":"404"}
[info] 
[info] 
[error] ⚠  The provided authorization cannot be used with this repository. If this repository is in an organization, did you remember to grant access? 
[info] 
[info] i  Action required: Visit this URL to ensure access has been granted to the appropriate organization(s) for the Firebase CLI GitHub OAuth App: 
[info] https://github.com/settings/connections/applications/89cf50f02ac6aaed3484
[info] 
[debug] [2025-01-20T20:13:36.734Z] >>> [apiv2][query] GET https://api.github.com/repos//actions/secrets/public-key type=owner
[debug] [2025-01-20T20:13:36.881Z] >>> [apiv2][query] GET https://api.github.com/repos//actions/secrets/public-key type=owner
[debug] [2025-01-20T20:13:36.994Z] <<< [apiv2][status] GET https://api.github.com/repos//actions/secrets/public-key 404
[debug] [2025-01-20T20:13:36.996Z] <<< [apiv2][body] GET https://api.github.com/repos//actions/secrets/public-key {"message":"Not Found","documentation_url":"https://docs.github.com/rest","status":"404"}
[info] 
[info] 
[error] ⚠  The provided authorization cannot be used with this repository. If this repository is in an organization, did you remember to grant access? 
[info] 
[info] i  Action required: Visit this URL to ensure access has been granted to the appropriate organization(s) for the Firebase CLI GitHub OAuth App: 
[info] https://github.com/settings/connections/applications/89cf50f02ac6aaed3484
[info] 
[debug] [2025-01-20T20:13:36.998Z] <<< [apiv2][status] GET https://api.github.com/repos//actions/secrets/public-key 404
[debug] [2025-01-20T20:13:36.998Z] <<< [apiv2][body] GET https://api.github.com/repos//actions/secrets/public-key {"message":"Not Found","documentation_url":"https://docs.github.com/rest","status":"404"}
[info] 
[info] 
[error] ⚠  The provided authorization cannot be used with this repository. If this repository is in an organization, did you remember to grant access? 
[info] 
[info] i  Action required: Visit this URL to ensure access has been granted to the appropriate organization(s) for the Firebase CLI GitHub OAuth App: 
[info] https://github.com/settings/connections/applications/89cf50f02ac6aaed3484
[info] 
[debug] [2025-01-20T20:13:37.244Z] <<< [apiv2][status] GET https://api.github.com/repos//actions/secrets/public-key 404
[debug] [2025-01-20T20:13:37.246Z] <<< [apiv2][body] GET https://api.github.com/repos//actions/secrets/public-key {"message":"Not Found","documentation_url":"https://docs.github.com/rest","status":"404"}
[info] 
[info] 
[error] ⚠  The provided authorization cannot be used with this repository. If this repository is in an organization, did you remember to grant access? 
[info] 
[info] i  Action required: Visit this URL to ensure access has been granted to the appropriate organization(s) for the Firebase CLI GitHub OAuth App: 
[info] https://github.com/settings/connections/applications/89cf50f02ac6aaed3484
[info] 
[debug] [2025-01-20T20:13:43.720Z] >>> [apiv2][query] GET https://api.github.com/repos//actions/secrets/public-key type=owner
[debug] [2025-01-20T20:13:44.079Z] >>> [apiv2][query] GET https://api.github.com/repos//actions/secrets/public-key type=owner
[debug] [2025-01-20T20:13:44.082Z] <<< [apiv2][status] GET https://api.github.com/repos//actions/secrets/public-key 404
[debug] [2025-01-20T20:13:44.082Z] <<< [apiv2][body] GET https://api.github.com/repos//actions/secrets/public-key {"message":"Not Found","documentation_url":"https://docs.github.com/rest","status":"404"}
[info] 
[info] 
[error] ⚠  The provided authorization cannot be used with this repository. If this repository is in an organization, did you remember to grant access? 
[info] 
[info] i  Action required: Visit this URL to ensure access has been granted to the appropriate organization(s) for the Firebase CLI GitHub OAuth App: 
[info] https://github.com/settings/connections/applications/89cf50f02ac6aaed3484
[info] 
[debug] [2025-01-20T20:13:44.283Z] >>> [apiv2][query] GET https://api.github.com/repos//actions/secrets/public-key type=owner
[debug] [2025-01-20T20:13:44.434Z] <<< [apiv2][status] GET https://api.github.com/repos//actions/secrets/public-key 404
[debug] [2025-01-20T20:13:44.434Z] <<< [apiv2][body] GET https://api.github.com/repos//actions/secrets/public-key {"message":"Not Found","documentation_url":"https://docs.github.com/rest","status":"404"}
[info] 
[info] 
[error] ⚠  The provided authorization cannot be used with this repository. If this repository is in an organization, did you remember to grant access? 
[info] 
[info] i  Action required: Visit this URL to ensure access has been granted to the appropriate organization(s) for the Firebase CLI GitHub OAuth App: 
[info] https://github.com/settings/connections/applications/89cf50f02ac6aaed3484
[info] 
[debug] [2025-01-20T20:13:44.449Z] >>> [apiv2][query] GET https://api.github.com/repos//actions/secrets/public-key type=owner
[debug] [2025-01-20T20:13:44.545Z] <<< [apiv2][status] GET https://api.github.com/repos//actions/secrets/public-key 404
[debug] [2025-01-20T20:13:44.545Z] <<< [apiv2][body] GET https://api.github.com/repos//actions/secrets/public-key {"message":"Not Found","documentation_url":"https://docs.github.com/rest","status":"404"}
[info] 
[info] 
[error] ⚠  The provided authorization cannot be used with this repository. If this repository is in an organization, did you remember to grant access? 
[info] 
[info] i  Action required: Visit this URL to ensure access has been granted to the appropriate organization(s) for the Firebase CLI GitHub OAuth App: 
[info] https://github.com/settings/connections/applications/89cf50f02ac6aaed3484
[info] 
[debug] [2025-01-20T20:13:44.712Z] <<< [apiv2][status] GET https://api.github.com/repos//actions/secrets/public-key 404
[debug] [2025-01-20T20:13:44.712Z] <<< [apiv2][body] GET https://api.github.com/repos//actions/secrets/public-key {"message":"Not Found","documentation_url":"https://docs.github.com/rest","status":"404"}
[info] 
[info] 
[error] ⚠  The provided authorization cannot be used with this repository. If this repository is in an organization, did you remember to grant access? 
[info] 
[info] i  Action required: Visit this URL to ensure access has been granted to the appropriate organization(s) for the Firebase CLI GitHub OAuth App: 
[info] https://github.com/settings/connections/applications/89cf50f02ac6aaed3484
[info] 
[debug] [2025-01-20T20:13:44.758Z] >>> [apiv2][query] GET https://api.github.com/repos//actions/secrets/public-key type=owner
[debug] [2025-01-20T20:13:44.963Z] >>> [apiv2][query] GET https://api.github.com/repos//actions/secrets/public-key type=owner
[debug] [2025-01-20T20:13:45.018Z] <<< [apiv2][status] GET https://api.github.com/repos//actions/secrets/public-key 404
[debug] [2025-01-20T20:13:45.018Z] <<< [apiv2][body] GET https://api.github.com/repos//actions/secrets/public-key {"message":"Not Found","documentation_url":"https://docs.github.com/rest","status":"404"}
[info] 
[info] 
[error] ⚠  The provided authorization cannot be used with this repository. If this repository is in an organization, did you remember to grant access? 
[info] 
[info] i  Action required: Visit this URL to ensure access has been granted to the appropriate organization(s) for the Firebase CLI GitHub OAuth App: 
[info] https://github.com/settings/connections/applications/89cf50f02ac6aaed3484
[info] 
[debug] [2025-01-20T20:13:45.145Z] >>> [apiv2][query] GET https://api.github.com/repos//actions/secrets/public-key type=owner
[debug] [2025-01-20T20:13:45.224Z] <<< [apiv2][status] GET https://api.github.com/repos//actions/secrets/public-key 404
[debug] [2025-01-20T20:13:45.224Z] <<< [apiv2][body] GET https://api.github.com/repos//actions/secrets/public-key {"message":"Not Found","documentation_url":"https://docs.github.com/rest","status":"404"}
[info] 
[info] 
[error] ⚠  The provided authorization cannot be used with this repository. If this repository is in an organization, did you remember to grant access? 
[info] 
[info] i  Action required: Visit this URL to ensure access has been granted to the appropriate organization(s) for the Firebase CLI GitHub OAuth App: 
[info] https://github.com/settings/connections/applications/89cf50f02ac6aaed3484
[info] 
[debug] [2025-01-20T20:13:45.322Z] >>> [apiv2][query] GET https://api.github.com/repos//actions/secrets/public-key type=owner
[debug] [2025-01-20T20:13:45.419Z] <<< [apiv2][status] GET https://api.github.com/repos//actions/secrets/public-key 404
[debug] [2025-01-20T20:13:45.419Z] <<< [apiv2][body] GET https://api.github.com/repos//actions/secrets/public-key {"message":"Not Found","documentation_url":"https://docs.github.com/rest","status":"404"}
[info] 
[info] 
[error] ⚠  The provided authorization cannot be used with this repository. If this repository is in an organization, did you remember to grant access? 
[info] 
[info] i  Action required: Visit this URL to ensure access has been granted to the appropriate organization(s) for the Firebase CLI GitHub OAuth App: 
[info] https://github.com/settings/connections/applications/89cf50f02ac6aaed3484
[info] 
[debug] [2025-01-20T20:13:45.482Z] >>> [apiv2][query] GET https://api.github.com/repos//actions/secrets/public-key type=owner
[debug] [2025-01-20T20:13:45.584Z] <<< [apiv2][status] GET https://api.github.com/repos//actions/secrets/public-key 404
[debug] [2025-01-20T20:13:45.584Z] <<< [apiv2][body] GET https://api.github.com/repos//actions/secrets/public-key {"message":"Not Found","documentation_url":"https://docs.github.com/rest","status":"404"}
[info] 
[info] 
[error] ⚠  The provided authorization cannot be used with this repository. If this repository is in an organization, did you remember to grant access? 
[info] 
[info] i  Action required: Visit this URL to ensure access has been granted to the appropriate organization(s) for the Firebase CLI GitHub OAuth App: 
[info] https://github.com/settings/connections/applications/89cf50f02ac6aaed3484
[info] 
[debug] [2025-01-20T20:13:45.650Z] >>> [apiv2][query] GET https://api.github.com/repos//actions/secrets/public-key type=owner
[debug] [2025-01-20T20:13:45.774Z] <<< [apiv2][status] GET https://api.github.com/repos//actions/secrets/public-key 404
[debug] [2025-01-20T20:13:45.774Z] <<< [apiv2][body] GET https://api.github.com/repos//actions/secrets/public-key {"message":"Not Found","documentation_url":"https://docs.github.com/rest","status":"404"}
[info] 
[info] 
[error] ⚠  The provided authorization cannot be used with this repository. If this repository is in an organization, did you remember to grant access? 
[info] 
[info] i  Action required: Visit this URL to ensure access has been granted to the appropriate organization(s) for the Firebase CLI GitHub OAuth App: 
[info] https://github.com/settings/connections/applications/89cf50f02ac6aaed3484
[info] 
[debug] [2025-01-20T20:13:45.831Z] >>> [apiv2][query] GET https://api.github.com/repos//actions/secrets/public-key type=owner
[debug] [2025-01-20T20:13:45.904Z] <<< [apiv2][status] GET https://api.github.com/repos//actions/secrets/public-key 404
[debug] [2025-01-20T20:13:45.904Z] <<< [apiv2][body] GET https://api.github.com/repos//actions/secrets/public-key {"message":"Not Found","documentation_url":"https://docs.github.com/rest","status":"404"}
[info] 
[info] 
[error] ⚠  The provided authorization cannot be used with this repository. If this repository is in an organization, did you remember to grant access? 
[info] 
[info] i  Action required: Visit this URL to ensure access has been granted to the appropriate organization(s) for the Firebase CLI GitHub OAuth App: 
[info] https://github.com/settings/connections/applications/89cf50f02ac6aaed3484
[info] 
[debug] [2025-01-20T20:13:45.996Z] >>> [apiv2][query] GET https://api.github.com/repos//actions/secrets/public-key type=owner
[debug] [2025-01-20T20:13:46.106Z] <<< [apiv2][status] GET https://api.github.com/repos//actions/secrets/public-key 404
[debug] [2025-01-20T20:13:46.106Z] <<< [apiv2][body] GET https://api.github.com/repos//actions/secrets/public-key {"message":"Not Found","documentation_url":"https://docs.github.com/rest","status":"404"}
[info] 
[info] 
[error] ⚠  The provided authorization cannot be used with this repository. If this repository is in an organization, did you remember to grant access? 
[info] 
[info] i  Action required: Visit this URL to ensure access has been granted to the appropriate organization(s) for the Firebase CLI GitHub OAuth App: 
[info] https://github.com/settings/connections/applications/89cf50f02ac6aaed3484
[info] 
[debug] [2025-01-20T20:13:46.254Z] <<< [apiv2][status] GET https://api.github.com/repos//actions/secrets/public-key 404
[debug] [2025-01-20T20:13:46.254Z] <<< [apiv2][body] GET https://api.github.com/repos//actions/secrets/public-key {"message":"Not Found","documentation_url":"https://docs.github.com/rest","status":"404"}
[info] 
[info] 
[error] ⚠  The provided authorization cannot be used with this repository. If this repository is in an organization, did you remember to grant access? 
[info] 
[info] i  Action required: Visit this URL to ensure access has been granted to the appropriate organization(s) for the Firebase CLI GitHub OAuth App: 
[info] https://github.com/settings/connections/applications/89cf50f02ac6aaed3484
[info] 
[debug] [2025-01-20T20:13:46.352Z] >>> [apiv2][query] GET https://api.github.com/repos//actions/secrets/public-key type=owner
[debug] [2025-01-20T20:13:46.609Z] <<< [apiv2][status] GET https://api.github.com/repos//actions/secrets/public-key 404
[debug] [2025-01-20T20:13:46.610Z] <<< [apiv2][body] GET https://api.github.com/repos//actions/secrets/public-key {"message":"Not Found","documentation_url":"https://docs.github.com/rest","status":"404"}
[info] 
[info] 
[error] ⚠  The provided authorization cannot be used with this repository. If this repository is in an organization, did you remember to grant access? 
[info] 
[info] i  Action required: Visit this URL to ensure access has been granted to the appropriate organization(s) for the Firebase CLI GitHub OAuth App: 
[info] https://github.com/settings/connections/applications/89cf50f02ac6aaed3484
[info] 
[debug] [2025-01-20T20:15:50.091Z] >>> [apiv2][query] GET https://api.github.com/repos//actions/secrets/public-key type=owner
[debug] [2025-01-20T20:15:50.481Z] <<< [apiv2][status] GET https://api.github.com/repos//actions/secrets/public-key 401
[debug] [2025-01-20T20:15:50.482Z] <<< [apiv2][body] GET https://api.github.com/repos//actions/secrets/public-key {"message":"Bad credentials","documentation_url":"https://docs.github.com/rest","status":"401"}
[debug] [2025-01-20T20:15:53.206Z] >>> [apiv2][query] GET https://api.github.com/repos//actions/secrets/public-key type=owner
[debug] [2025-01-20T20:15:53.457Z] <<< [apiv2][status] GET https://api.github.com/repos//actions/secrets/public-key 401
[debug] [2025-01-20T20:15:53.457Z] <<< [apiv2][body] GET https://api.github.com/repos//actions/secrets/public-key {"message":"Bad credentials","documentation_url":"https://docs.github.com/rest","status":"401"}
